2019-12-24 10:50:23,908 - utils - DEBUG - Create Test Suite mr_ctl/watch_lists/test
2019-12-24 10:50:23,908 - utils - DEBUG - Create Test Suite mr_ctl/watch_lists/test
2019-12-24 10:50:28,550 - utils - INFO - Linux Leaf1 4.9.0-11-2-amd64 #1 SMP Debian 4.9.189-3+deb9u2 (2019-11-11) x86_64
You are on
  ____   ___  _   _ _  ____
 / ___| / _ \| \ | (_)/ ___|
 \___ \| | | |  \| | | |
  ___) | |_| | |\  | | |___
 |____/ \___/|_| \_|_|\____|

-- Software for Open Networking in the Cloud --

Unauthorized access and/or use are prohibited.
All access and/or use are subject to monitoring.

Help:    http://azure.github.io/SONiC/

Last login: Fri Nov  4 21:18:32 2016 from 10.230.45.213
admin@Leaf1:~$ whoami && date
admin
Fri Nov  4 21:20:01 UTC 2016
admin@Leaf1:~$
2019-12-24 10:50:28,550 - utils - INFO - Linux Leaf2 4.9.0-11-2-amd64 #1 SMP Debian 4.9.189-3+deb9u2 (2019-11-11) x86_64
You are on
  ____   ___  _   _ _  ____
 / ___| / _ \| \ | (_)/ ___|
 \___ \| | | |  \| | | |
  ___) | |_| | |\  | | |___
 |____/ \___/|_| \_|_|\____|

-- Software for Open Networking in the Cloud --

Unauthorized access and/or use are prohibited.
All access and/or use are subject to monitoring.

Help:    http://azure.github.io/SONiC/

Last login: Mon Dec 26 01:31:20 2016 from 10.230.45.213
admin@Leaf2:~$ whoami && date
admin
Mon Dec 26 01:32:46 UTC 2016
admin@Leaf2:~$
2019-12-24 10:56:02,895 - utils - INFO - TC: ./mr_ctl/watch_lists/udld_ut_bidir_to_udir.json file reopened
2019-12-24 10:56:29,168 - utils - DEBUG - Cmd : udldctl port Ethernet64 => Template : udldctl_port.tmpl
2019-12-24 10:56:29,177 - utils - INFO - 
+----+------------+------------------+----------------+-----------------+--------------------+-------------------+----------------------+------------------+-----------------+---------------------+-------------------+-----------------------+---------------------+-------------------------+--------------------+--------------------+
|    | (0) PORT   | (1) CFG_ENABLE   | (2) CFG_AGGR   | (3) OPER_AGGR   | (4) OPER_LNSTATE   | (5) OPER_OPCODE   | (6) OPER_UDLDSTATE   | (7) OPER_PHASE   | (8) NBR_DEVID   |   (9) NBR_DEVID_LEN | (10) NBR_PORTID   |   (11) NBR_PORTID_LEN | (12) NBR_DEV_NAME   |   (13) NBR_DEV_NAME_LEN |   (14) NBR_TIMEOUT |   (15) NBR_MSGTIME |
|----+------------+------------------+----------------+-----------------+--------------------+-------------------+----------------------+------------------+-----------------+---------------------+-------------------+-----------------------+---------------------+-------------------------+--------------------+--------------------|
|  0 | Ethernet64 | Y                | N              | N               | UP                 | PROBE             | BI-DIR               | ADV              | 80A2.3526.425E  |                  14 | Ethernet64        |                    10 | Leaf2               |                       6 |                  3 |                  1 |
+----+------------+------------------+----------------+-----------------+--------------------+-------------------+----------------------+------------------+-----------------+---------------------+-------------------+-----------------------+---------------------+-------------------------+--------------------+--------------------+
2019-12-24 10:56:53,322 - utils - INFO - Variable is located @
2019-12-24 10:57:02,341 - utils - INFO - Variable is located @
2019-12-24 10:57:10,581 - utils - INFO - Variable is located @
2019-12-24 10:57:22,484 - utils - INFO - Variable is located @
2019-12-24 10:57:56,710 - utils - INFO - Variable is located @
2019-12-24 10:59:35,101 - utils - INFO - Variable is located @
2019-12-24 10:59:53,022 - utils - INFO - Watchlist : 
[{'watch-key': 'NA'}, {'PORT': 'Ethernet64', 'CFG_ENABLE': 'Y', 'CFG_AGGR': 'N', 'OPER_AGGR': 'N', 'OPER_LNSTATE': 'UP', 'OPER_OPCODE': 'PROBE', 'OPER_UDLDSTATE': 'BI-DIR', 'OPER_PHASE': 'ADV', 'NBR_DEVID': 'MR_RT_VAR_d2mac', 'NBR_DEVID_LEN': 'MR_RT_VAR_d2maclen', 'NBR_PORTID': 'MR_RT_VAR_d2p1', 'NBR_PORTID_LEN': 'MR_RT_VAR_d2p1len', 'NBR_DEV_NAME': 'MR_RT_VAR_d2devname', 'NBR_DEV_NAME_LEN': 'MR_RT_VAR_d2devnamelen', 'NBR_TIMEOUT': '3', 'NBR_MSGTIME': '1'}]
2019-12-24 11:02:41,766 - utils - DEBUG - Template not found for cmd : udldctl rx_drop enable Ethernet64
2019-12-24 11:02:41,767 - utils - DEBUG - 
  sudo udldctl rx_drop enable Ethernet64
cmd: 14Enable rx PDU drop on Ethernet64
admin@Leaf2:~$
2019-12-24 11:03:04,487 - utils - DEBUG - Cmd : udldctl port Ethernet64 => Template : udldctl_port.tmpl
2019-12-24 11:03:04,498 - utils - INFO - 
+----+------------+------------------+----------------+-----------------+--------------------+-------------------+----------------------+------------------+-----------------+---------------------+-------------------+-----------------------+---------------------+-------------------------+--------------------+--------------------+
|    | (0) PORT   | (1) CFG_ENABLE   | (2) CFG_AGGR   | (3) OPER_AGGR   | (4) OPER_LNSTATE   | (5) OPER_OPCODE   | (6) OPER_UDLDSTATE   | (7) OPER_PHASE   | (8) NBR_DEVID   | (9) NBR_DEVID_LEN   | (10) NBR_PORTID   | (11) NBR_PORTID_LEN   | (12) NBR_DEV_NAME   | (13) NBR_DEV_NAME_LEN   | (14) NBR_TIMEOUT   | (15) NBR_MSGTIME   |
|----+------------+------------------+----------------+-----------------+--------------------+-------------------+----------------------+------------------+-----------------+---------------------+-------------------+-----------------------+---------------------+-------------------------+--------------------+--------------------|
|  0 | Ethernet64 | Y                | N              | N               | DOWN               | NA                | INDETERM             | START            |                 |                     |                   |                       |                     |                         |                    |                    |
+----+------------+------------------+----------------+-----------------+--------------------+-------------------+----------------------+------------------+-----------------+---------------------+-------------------+-----------------------+---------------------+-------------------------+--------------------+--------------------+
2019-12-24 11:03:23,991 - utils - INFO - Watchlist : 
[{'watch-key': 'NA'}, {'PORT': 'Ethernet64', 'CFG_ENABLE': 'Y', 'CFG_AGGR': 'N', 'OPER_AGGR': 'N', 'OPER_LNSTATE': 'DOWN', 'OPER_OPCODE': 'NA', 'OPER_UDLDSTATE': 'INDETERM', 'OPER_PHASE': 'START', 'NBR_DEVID': '', 'NBR_DEVID_LEN': '', 'NBR_PORTID': '', 'NBR_PORTID_LEN': '', 'NBR_DEV_NAME': '', 'NBR_DEV_NAME_LEN': '', 'NBR_TIMEOUT': '', 'NBR_MSGTIME': ''}]
2019-12-24 11:03:32,399 - utils - DEBUG - Cmd : udldctl port Ethernet64 => Template : udldctl_port.tmpl
2019-12-24 11:03:32,403 - utils - INFO - 
+----+------------+------------------+----------------+-----------------+--------------------+-------------------+----------------------+------------------+-----------------+---------------------+-------------------+-----------------------+---------------------+-------------------------+--------------------+--------------------+
|    | (0) PORT   | (1) CFG_ENABLE   | (2) CFG_AGGR   | (3) OPER_AGGR   | (4) OPER_LNSTATE   | (5) OPER_OPCODE   | (6) OPER_UDLDSTATE   | (7) OPER_PHASE   | (8) NBR_DEVID   | (9) NBR_DEVID_LEN   | (10) NBR_PORTID   | (11) NBR_PORTID_LEN   | (12) NBR_DEV_NAME   | (13) NBR_DEV_NAME_LEN   | (14) NBR_TIMEOUT   | (15) NBR_MSGTIME   |
|----+------------+------------------+----------------+-----------------+--------------------+-------------------+----------------------+------------------+-----------------+---------------------+-------------------+-----------------------+---------------------+-------------------------+--------------------+--------------------|
|  0 | Ethernet64 | Y                | N              | N               | DOWN               | PROBE             | SHUT                 | START            |                 |                     |                   |                       |                     |                         |                    |                    |
+----+------------+------------------+----------------+-----------------+--------------------+-------------------+----------------------+------------------+-----------------+---------------------+-------------------+-----------------------+---------------------+-------------------------+--------------------+--------------------+
2019-12-24 11:03:39,830 - utils - INFO - Watchlist : 
[{'watch-key': 'NA'}, {'PORT': 'Ethernet64', 'CFG_ENABLE': 'Y', 'CFG_AGGR': 'N', 'OPER_AGGR': 'N', 'OPER_LNSTATE': 'DOWN', 'OPER_OPCODE': 'PROBE', 'OPER_UDLDSTATE': 'SHUT', 'OPER_PHASE': 'START', 'NBR_DEVID': '', 'NBR_DEVID_LEN': '', 'NBR_PORTID': '', 'NBR_PORTID_LEN': '', 'NBR_DEV_NAME': '', 'NBR_DEV_NAME_LEN': '', 'NBR_TIMEOUT': '', 'NBR_MSGTIME': ''}]
2019-12-24 11:03:51,959 - utils - DEBUG - Cmd : show interface status Ethernet64 => Template : show_interface_status.tmpl
2019-12-24 11:03:51,969 - utils - INFO - 
+----+-----------------+-----------------+-------------+-----------+---------------+----------------+------------+-------------+------------+---------------+
|    | (0) Interface   | (1) Lanes       | (2) Speed   |   (3) MTU | (4) Alias     | (5) Vlan       | (6) Oper   | (7) Admin   | (8) Type   | (9) AsymPFC   |
|----+-----------------+-----------------+-------------+-----------+---------------+----------------+------------+-------------+------------+---------------|
|  0 | Ethernet64      | 105,106,107,108 | 100G        |      9100 | hundredGigE53 | PortChannel500 | down       | down        | N/A        | N/A           |
+----+-----------------+-----------------+-------------+-----------+---------------+----------------+------------+-------------+------------+---------------+
2019-12-24 11:04:05,436 - utils - INFO - Watchlist : 
[]
2019-12-24 11:04:09,796 - utils - DEBUG - Cmd : show interface status Ethernet64 => Template : show_interface_status.tmpl
2019-12-24 11:04:09,799 - utils - INFO - 
+----+-----------------+-----------------+-------------+-----------+---------------+----------------+------------+-------------+------------+---------------+
|    | (0) Interface   | (1) Lanes       | (2) Speed   |   (3) MTU | (4) Alias     | (5) Vlan       | (6) Oper   | (7) Admin   | (8) Type   | (9) AsymPFC   |
|----+-----------------+-----------------+-------------+-----------+---------------+----------------+------------+-------------+------------+---------------|
|  0 | Ethernet64      | 105,106,107,108 | 100G        |      9100 | hundredGigE53 | PortChannel500 | down       | down        | N/A        | N/A           |
+----+-----------------+-----------------+-------------+-----------+---------------+----------------+------------+-------------+------------+---------------+
2019-12-24 11:04:38,853 - utils - INFO - Watchlist : 
[{'watch-key': 'Interface'}, {'Interface': 'Ethernet64', 'Oper': 'down', 'Admin': 'down'}]
2019-12-24 11:04:53,150 - utils - DEBUG - Cmd : show interface status Ethernet64 => Template : show_interface_status.tmpl
2019-12-24 11:04:53,155 - utils - INFO - 
+----+-----------------+-----------------+-------------+-----------+---------------+----------------+------------+-------------+-----------------+---------------+
|    | (0) Interface   | (1) Lanes       | (2) Speed   |   (3) MTU | (4) Alias     | (5) Vlan       | (6) Oper   | (7) Admin   | (8) Type        | (9) AsymPFC   |
|----+-----------------+-----------------+-------------+-----------+---------------+----------------+------------+-------------+-----------------+---------------|
|  0 | Ethernet64      | 105,106,107,108 | 100G        |      9100 | hundredGigE53 | PortChannel500 | down       | up          | QSFP28 or later | N/A           |
+----+-----------------+-----------------+-------------+-----------+---------------+----------------+------------+-------------+-----------------+---------------+
2019-12-24 11:05:01,909 - utils - INFO - Watchlist : 
[{'watch-key': 'Interface'}, {'Interface': 'Ethernet64', 'Oper': 'down', 'Admin': 'up'}]
2019-12-24 11:06:02,442 - utils - DEBUG - Template not found for cmd : udldctl rx_drop disable Ethernet64
2019-12-24 11:06:02,443 - utils - DEBUG - 
  sudo udldctl rx_drop disable Ethernet64
cmd: 14Disable rx PDU drop on Ethernet64
admin@Leaf2:~$
2019-12-24 11:06:12,117 - utils - DEBUG - Cmd : udldctl port Ethernet64 => Template : udldctl_port.tmpl
2019-12-24 11:06:12,127 - utils - INFO - 
+----+------------+------------------+----------------+-----------------+--------------------+-------------------+----------------------+------------------+-----------------+---------------------+-------------------+-----------------------+---------------------+-------------------------+--------------------+--------------------+
|    | (0) PORT   | (1) CFG_ENABLE   | (2) CFG_AGGR   | (3) OPER_AGGR   | (4) OPER_LNSTATE   | (5) OPER_OPCODE   | (6) OPER_UDLDSTATE   | (7) OPER_PHASE   | (8) NBR_DEVID   | (9) NBR_DEVID_LEN   | (10) NBR_PORTID   | (11) NBR_PORTID_LEN   | (12) NBR_DEV_NAME   | (13) NBR_DEV_NAME_LEN   | (14) NBR_TIMEOUT   | (15) NBR_MSGTIME   |
|----+------------+------------------+----------------+-----------------+--------------------+-------------------+----------------------+------------------+-----------------+---------------------+-------------------+-----------------------+---------------------+-------------------------+--------------------+--------------------|
|  0 | Ethernet64 | Y                | N              | N               | DOWN               | NA                | INDETERM             | START            |                 |                     |                   |                       |                     |                         |                    |                    |
+----+------------+------------------+----------------+-----------------+--------------------+-------------------+----------------------+------------------+-----------------+---------------------+-------------------+-----------------------+---------------------+-------------------------+--------------------+--------------------+
2019-12-24 11:06:18,947 - utils - INFO - Watchlist : 
[]
2019-12-24 11:06:38,194 - utils - DEBUG - Cmd : udldctl port Ethernet64 => Template : udldctl_port.tmpl
2019-12-24 11:06:38,198 - utils - INFO - 
+----+------------+------------------+----------------+-----------------+--------------------+-------------------+----------------------+------------------+-----------------+---------------------+-------------------+-----------------------+---------------------+-------------------------+--------------------+--------------------+
|    | (0) PORT   | (1) CFG_ENABLE   | (2) CFG_AGGR   | (3) OPER_AGGR   | (4) OPER_LNSTATE   | (5) OPER_OPCODE   | (6) OPER_UDLDSTATE   | (7) OPER_PHASE   | (8) NBR_DEVID   | (9) NBR_DEVID_LEN   | (10) NBR_PORTID   | (11) NBR_PORTID_LEN   | (12) NBR_DEV_NAME   | (13) NBR_DEV_NAME_LEN   | (14) NBR_TIMEOUT   | (15) NBR_MSGTIME   |
|----+------------+------------------+----------------+-----------------+--------------------+-------------------+----------------------+------------------+-----------------+---------------------+-------------------+-----------------------+---------------------+-------------------------+--------------------+--------------------|
|  0 | Ethernet64 | Y                | N              | N               | DOWN               | NA                | INDETERM             | START            |                 |                     |                   |                       |                     |                         |                    |                    |
+----+------------+------------------+----------------+-----------------+--------------------+-------------------+----------------------+------------------+-----------------+---------------------+-------------------+-----------------------+---------------------+-------------------------+--------------------+--------------------+
2019-12-24 11:06:52,451 - utils - INFO - Watchlist : 
[{'watch-key': 'NA'}, {'PORT': 'Ethernet64', 'CFG_ENABLE': 'Y', 'CFG_AGGR': 'N', 'OPER_AGGR': 'N', 'OPER_LNSTATE': 'DOWN', 'OPER_OPCODE': 'NA', 'OPER_UDLDSTATE': 'INDETERM', 'OPER_PHASE': 'START', 'NBR_DEVID': '', 'NBR_DEVID_LEN': '', 'NBR_PORTID': '', 'NBR_PORTID_LEN': '', 'NBR_DEV_NAME': '', 'NBR_DEV_NAME_LEN': '', 'NBR_TIMEOUT': '', 'NBR_MSGTIME': ''}]
2019-12-24 11:07:01,948 - utils - DEBUG - Cmd : udldctl port Ethernet64 => Template : udldctl_port.tmpl
2019-12-24 11:07:01,950 - utils - INFO - 
+----+------------+------------------+----------------+-----------------+--------------------+-------------------+----------------------+------------------+-----------------+---------------------+-------------------+-----------------------+---------------------+-------------------------+--------------------+--------------------+
|    | (0) PORT   | (1) CFG_ENABLE   | (2) CFG_AGGR   | (3) OPER_AGGR   | (4) OPER_LNSTATE   | (5) OPER_OPCODE   | (6) OPER_UDLDSTATE   | (7) OPER_PHASE   | (8) NBR_DEVID   | (9) NBR_DEVID_LEN   | (10) NBR_PORTID   | (11) NBR_PORTID_LEN   | (12) NBR_DEV_NAME   | (13) NBR_DEV_NAME_LEN   | (14) NBR_TIMEOUT   | (15) NBR_MSGTIME   |
|----+------------+------------------+----------------+-----------------+--------------------+-------------------+----------------------+------------------+-----------------+---------------------+-------------------+-----------------------+---------------------+-------------------------+--------------------+--------------------|
|  0 | Ethernet64 | Y                | N              | N               | DOWN               | PROBE             | SHUT                 | START            |                 |                     |                   |                       |                     |                         |                    |                    |
+----+------------+------------------+----------------+-----------------+--------------------+-------------------+----------------------+------------------+-----------------+---------------------+-------------------+-----------------------+---------------------+-------------------------+--------------------+--------------------+
2019-12-24 11:07:17,203 - utils - INFO - Watchlist : 
[{'watch-key': 'NA'}, {'PORT': 'Ethernet64', 'CFG_ENABLE': 'Y', 'CFG_AGGR': 'N', 'OPER_AGGR': 'N', 'OPER_LNSTATE': 'DOWN', 'OPER_OPCODE': 'PROBE', 'OPER_UDLDSTATE': 'SHUT', 'OPER_PHASE': 'START', 'NBR_DEVID': '', 'NBR_DEVID_LEN': '', 'NBR_PORTID': '', 'NBR_PORTID_LEN': '', 'NBR_DEV_NAME': '', 'NBR_DEV_NAME_LEN': '', 'NBR_TIMEOUT': '', 'NBR_MSGTIME': ''}]
2019-12-24 11:08:28,412 - utils - DEBUG - Cmd : show interface status Ethernet64 => Template : show_interface_status.tmpl
2019-12-24 11:08:28,420 - utils - INFO - 
+----+-----------------+-----------------+-------------+-----------+---------------+----------------+------------+-------------+------------+---------------+
|    | (0) Interface   | (1) Lanes       | (2) Speed   |   (3) MTU | (4) Alias     | (5) Vlan       | (6) Oper   | (7) Admin   | (8) Type   | (9) AsymPFC   |
|----+-----------------+-----------------+-------------+-----------+---------------+----------------+------------+-------------+------------+---------------|
|  0 | Ethernet64      | 105,106,107,108 | 100G        |      9100 | hundredGigE53 | PortChannel500 | up         | up          | N/A        | N/A           |
+----+-----------------+-----------------+-------------+-----------+---------------+----------------+------------+-------------+------------+---------------+
2019-12-24 11:08:42,538 - utils - INFO - Watchlist : 
[{'watch-key': 'Interface'}, {'Interface': 'Ethernet64', 'Oper': 'up', 'Admin': 'up'}]
2019-12-24 11:09:02,807 - utils - DEBUG - Cmd : show interface status Ethernet64 => Template : show_interface_status.tmpl
2019-12-24 11:09:02,811 - utils - INFO - 
+----+-----------------+-----------------+-------------+-----------+---------------+----------------+------------+-------------+-----------------+---------------+
|    | (0) Interface   | (1) Lanes       | (2) Speed   |   (3) MTU | (4) Alias     | (5) Vlan       | (6) Oper   | (7) Admin   | (8) Type        | (9) AsymPFC   |
|----+-----------------+-----------------+-------------+-----------+---------------+----------------+------------+-------------+-----------------+---------------|
|  0 | Ethernet64      | 105,106,107,108 | 100G        |      9100 | hundredGigE53 | PortChannel500 | up         | up          | QSFP28 or later | N/A           |
+----+-----------------+-----------------+-------------+-----------+---------------+----------------+------------+-------------+-----------------+---------------+
2019-12-24 11:09:16,666 - utils - INFO - Watchlist : 
[{'watch-key': 'Interface'}, {'Interface': 'Ethernet64', 'Oper': 'up', 'Admin': 'up'}]
2019-12-24 11:09:27,783 - utils - DEBUG - Cmd : udldctl port Ethernet64 => Template : udldctl_port.tmpl
2019-12-24 11:09:27,793 - utils - INFO - 
+----+------------+------------------+----------------+-----------------+--------------------+-------------------+----------------------+------------------+-----------------+---------------------+-------------------+-----------------------+---------------------+-------------------------+--------------------+--------------------+
|    | (0) PORT   | (1) CFG_ENABLE   | (2) CFG_AGGR   | (3) OPER_AGGR   | (4) OPER_LNSTATE   | (5) OPER_OPCODE   | (6) OPER_UDLDSTATE   | (7) OPER_PHASE   | (8) NBR_DEVID   |   (9) NBR_DEVID_LEN | (10) NBR_PORTID   |   (11) NBR_PORTID_LEN | (12) NBR_DEV_NAME   |   (13) NBR_DEV_NAME_LEN |   (14) NBR_TIMEOUT |   (15) NBR_MSGTIME |
|----+------------+------------------+----------------+-----------------+--------------------+-------------------+----------------------+------------------+-----------------+---------------------+-------------------+-----------------------+---------------------+-------------------------+--------------------+--------------------|
|  0 | Ethernet64 | Y                | N              | N               | UP                 | PROBE             | BI-DIR               | ADV              | 80A2.3526.425E  |                  14 | Ethernet64        |                    10 | Leaf2               |                       6 |                  3 |                  1 |
+----+------------+------------------+----------------+-----------------+--------------------+-------------------+----------------------+------------------+-----------------+---------------------+-------------------+-----------------------+---------------------+-------------------------+--------------------+--------------------+
2019-12-24 11:09:53,185 - utils - INFO - Variable is located @
2019-12-24 11:09:59,282 - utils - INFO - Variable is located @
2019-12-24 11:10:05,465 - utils - INFO - Variable is located @
2019-12-24 11:10:12,516 - utils - INFO - Variable is located @
2019-12-24 11:10:32,027 - utils - INFO - Variable is located @
2019-12-24 11:10:46,659 - utils - INFO - Variable is located @
2019-12-24 11:11:02,235 - utils - INFO - Watchlist : 
[{'watch-key': 'NA'}, {'PORT': 'Ethernet64', 'CFG_ENABLE': 'Y', 'CFG_AGGR': 'N', 'OPER_AGGR': 'N', 'OPER_LNSTATE': 'UP', 'OPER_OPCODE': 'PROBE', 'OPER_UDLDSTATE': 'BI-DIR', 'OPER_PHASE': 'ADV', 'NBR_DEVID': 'MR_RT_VAR_d2mac', 'NBR_DEVID_LEN': 'MR_RT_VAR_d2maclen', 'NBR_PORTID': 'MR_RT_VAR_d2p1', 'NBR_PORTID_LEN': 'MR_RT_VAR_d2p1len', 'NBR_DEV_NAME': 'MR_RT_VAR_d2devname', 'NBR_DEV_NAME_LEN': 'MR_RT_VAR_d2devnamelen', 'NBR_TIMEOUT': '3', 'NBR_MSGTIME': '1'}]
2019-12-24 11:11:12,268 - utils - DEBUG - Cmd : udldctl port Ethernet64 => Template : udldctl_port.tmpl
2019-12-24 11:11:12,273 - utils - INFO - 
+----+------------+------------------+----------------+-----------------+--------------------+-------------------+----------------------+------------------+-----------------+---------------------+-------------------+-----------------------+---------------------+-------------------------+--------------------+--------------------+
|    | (0) PORT   | (1) CFG_ENABLE   | (2) CFG_AGGR   | (3) OPER_AGGR   | (4) OPER_LNSTATE   | (5) OPER_OPCODE   | (6) OPER_UDLDSTATE   | (7) OPER_PHASE   | (8) NBR_DEVID   |   (9) NBR_DEVID_LEN | (10) NBR_PORTID   |   (11) NBR_PORTID_LEN | (12) NBR_DEV_NAME   |   (13) NBR_DEV_NAME_LEN |   (14) NBR_TIMEOUT |   (15) NBR_MSGTIME |
|----+------------+------------------+----------------+-----------------+--------------------+-------------------+----------------------+------------------+-----------------+---------------------+-------------------+-----------------------+---------------------+-------------------------+--------------------+--------------------|
|  0 | Ethernet64 | Y                | N              | N               | UP                 | PROBE             | BI-DIR               | ADV              | 80A2.3581.CCF0  |                  14 | Ethernet64        |                    10 | Leaf1               |                       6 |                  3 |                  1 |
+----+------------+------------------+----------------+-----------------+--------------------+-------------------+----------------------+------------------+-----------------+---------------------+-------------------+-----------------------+---------------------+-------------------------+--------------------+--------------------+
2019-12-24 11:11:25,842 - utils - INFO - Variable is located @
2019-12-24 11:11:32,337 - utils - INFO - Variable is located @
2019-12-24 11:11:46,314 - utils - INFO - Variable is located @
2019-12-24 11:11:53,963 - utils - INFO - Variable is located @
2019-12-24 11:12:02,507 - utils - INFO - Variable is located @
2019-12-24 11:12:11,489 - utils - INFO - Variable is located @
2019-12-24 11:12:27,603 - utils - INFO - Watchlist : 
[{'watch-key': 'NA'}, {'PORT': 'Ethernet64', 'CFG_ENABLE': 'Y', 'CFG_AGGR': 'N', 'OPER_AGGR': 'N', 'OPER_LNSTATE': 'UP', 'OPER_OPCODE': 'PROBE', 'OPER_UDLDSTATE': 'BI-DIR', 'OPER_PHASE': 'ADV', 'NBR_DEVID': 'MR_RT_VAR_d1mac', 'NBR_DEVID_LEN': 'MR_RT_VAR_d1maclen', 'NBR_PORTID': 'MR_RT_VAR_d1p1', 'NBR_PORTID_LEN': 'MR_RT_VAR_d1p1len', 'NBR_DEV_NAME': 'MR_RT_VAR_d1devname', 'NBR_DEV_NAME_LEN': 'MR_RT_VAR_d1devnamelen', 'NBR_TIMEOUT': '3', 'NBR_MSGTIME': '1'}]
