2019-12-24 10:54:46,160 - utils - DEBUG - Start Test case : mr_ctl/watch_lists/udld_ut_bidir_to_udir.json
2019-12-24 10:54:53,107 - utils - INFO - #########################################
2019-12-24 10:54:53,111 - utils - INFO - RUN Commands from mr_ctl/watch_lists/udld_ut_bidir_to_udir.json
2019-12-24 10:54:53,111 - utils - INFO - #########################################
2019-12-24 10:54:53,113 - utils - INFO - D1-1 : executing : sudo udldctl port Ethernet64
2019-12-24 10:54:54,122 - utils - DEBUG - Cmd : udldctl port Ethernet64 => Template : udldctl_port.tmpl
2019-12-24 10:54:54,136 - utils - INFO - 
+----+------------+------------------+----------------+-----------------+--------------------+-------------------+----------------------+------------------+-----------------+---------------------+-------------------+-----------------------+---------------------+-------------------------+--------------------+--------------------+
|    | (0) PORT   | (1) CFG_ENABLE   | (2) CFG_AGGR   | (3) OPER_AGGR   | (4) OPER_LNSTATE   | (5) OPER_OPCODE   | (6) OPER_UDLDSTATE   | (7) OPER_PHASE   | (8) NBR_DEVID   |   (9) NBR_DEVID_LEN | (10) NBR_PORTID   |   (11) NBR_PORTID_LEN | (12) NBR_DEV_NAME   |   (13) NBR_DEV_NAME_LEN |   (14) NBR_TIMEOUT |   (15) NBR_MSGTIME |
|----+------------+------------------+----------------+-----------------+--------------------+-------------------+----------------------+------------------+-----------------+---------------------+-------------------+-----------------------+---------------------+-------------------------+--------------------+--------------------|
|  0 | Ethernet64 | Y                | N              | N               | UP                 | PROBE             | BI-DIR               | ADV              | 80A2.3526.425E  |                  14 | Ethernet64        |                    10 | Leaf2               |                       6 |                  3 |                  1 |
+----+------------+------------------+----------------+-----------------+--------------------+-------------------+----------------------+------------------+-----------------+---------------------+-------------------+-----------------------+---------------------+-------------------------+--------------------+--------------------+
2019-12-24 10:54:54,136 - utils - INFO - Test D1-1 PASSED
2019-12-24 10:54:54,136 - utils - INFO - D2-1 : executing : sudo udldctl port Ethernet64
2019-12-24 10:54:55,140 - utils - DEBUG - Cmd : udldctl port Ethernet64 => Template : udldctl_port.tmpl
2019-12-24 10:54:55,144 - utils - INFO - 
+----+------------+------------------+----------------+-----------------+--------------------+-------------------+----------------------+------------------+-----------------+---------------------+-------------------+-----------------------+---------------------+-------------------------+--------------------+--------------------+
|    | (0) PORT   | (1) CFG_ENABLE   | (2) CFG_AGGR   | (3) OPER_AGGR   | (4) OPER_LNSTATE   | (5) OPER_OPCODE   | (6) OPER_UDLDSTATE   | (7) OPER_PHASE   | (8) NBR_DEVID   |   (9) NBR_DEVID_LEN | (10) NBR_PORTID   |   (11) NBR_PORTID_LEN | (12) NBR_DEV_NAME   |   (13) NBR_DEV_NAME_LEN |   (14) NBR_TIMEOUT |   (15) NBR_MSGTIME |
|----+------------+------------------+----------------+-----------------+--------------------+-------------------+----------------------+------------------+-----------------+---------------------+-------------------+-----------------------+---------------------+-------------------------+--------------------+--------------------|
|  0 | Ethernet64 | Y                | N              | N               | UP                 | PROBE             | BI-DIR               | ADV              | 80A2.3581.CCF0  |                  14 | Ethernet64        |                    10 | Leaf1               |                       6 |                  3 |                  1 |
+----+------------+------------------+----------------+-----------------+--------------------+-------------------+----------------------+------------------+-----------------+---------------------+-------------------+-----------------------+---------------------+-------------------------+--------------------+--------------------+
2019-12-24 10:54:55,144 - utils - INFO - Test D2-1 PASSED
2019-12-24 10:54:55,144 - utils - INFO - D1-2 : executing : sudo udldctl rx_drop enable Ethernet64
2019-12-24 10:54:56,150 - utils - DEBUG - Template not found for cmd : udldctl rx_drop enable Ethernet64
2019-12-24 10:54:56,150 - utils - DEBUG - 
  sudo udldctl rx_drop enable Ethernet64
cmd: 14Enable rx PDU drop on Ethernet64
admin@Leaf1:~$
2019-12-24 10:54:56,151 - utils - INFO - Test D1-2 PASSED
2019-12-24 10:54:56,151 - utils - INFO - D1-3 : executing : sudo sleep 5
2019-12-24 10:54:56,152 - utils - INFO - Sleep 5
2019-12-24 10:55:01,155 - utils - INFO - D1-4 : executing : sudo udldctl port Ethernet64
2019-12-24 10:55:02,160 - utils - DEBUG - Cmd : udldctl port Ethernet64 => Template : udldctl_port.tmpl
2019-12-24 10:55:02,164 - utils - INFO - 
+----+------------+------------------+----------------+-----------------+--------------------+-------------------+----------------------+------------------+-----------------+---------------------+-------------------+-----------------------+---------------------+-------------------------+--------------------+--------------------+
|    | (0) PORT   | (1) CFG_ENABLE   | (2) CFG_AGGR   | (3) OPER_AGGR   | (4) OPER_LNSTATE   | (5) OPER_OPCODE   | (6) OPER_UDLDSTATE   | (7) OPER_PHASE   | (8) NBR_DEVID   | (9) NBR_DEVID_LEN   | (10) NBR_PORTID   | (11) NBR_PORTID_LEN   | (12) NBR_DEV_NAME   | (13) NBR_DEV_NAME_LEN   | (14) NBR_TIMEOUT   | (15) NBR_MSGTIME   |
|----+------------+------------------+----------------+-----------------+--------------------+-------------------+----------------------+------------------+-----------------+---------------------+-------------------+-----------------------+---------------------+-------------------------+--------------------+--------------------|
|  0 | Ethernet64 | Y                | N              | N               | DOWN               | NA                | INDETERM             | START            |                 |                     |                   |                       |                     |                         |                    |                    |
+----+------------+------------------+----------------+-----------------+--------------------+-------------------+----------------------+------------------+-----------------+---------------------+-------------------+-----------------------+---------------------+-------------------------+--------------------+--------------------+
2019-12-24 10:55:02,164 - utils - INFO - Test D1-4 PASSED
2019-12-24 10:55:02,164 - utils - INFO - D2-2 : executing : sudo udldctl port Ethernet64
2019-12-24 10:55:03,168 - utils - DEBUG - Cmd : udldctl port Ethernet64 => Template : udldctl_port.tmpl
2019-12-24 10:55:03,172 - utils - INFO - 
+----+------------+------------------+----------------+-----------------+--------------------+-------------------+----------------------+------------------+-----------------+---------------------+-------------------+-----------------------+---------------------+-------------------------+--------------------+--------------------+
|    | (0) PORT   | (1) CFG_ENABLE   | (2) CFG_AGGR   | (3) OPER_AGGR   | (4) OPER_LNSTATE   | (5) OPER_OPCODE   | (6) OPER_UDLDSTATE   | (7) OPER_PHASE   | (8) NBR_DEVID   | (9) NBR_DEVID_LEN   | (10) NBR_PORTID   | (11) NBR_PORTID_LEN   | (12) NBR_DEV_NAME   | (13) NBR_DEV_NAME_LEN   | (14) NBR_TIMEOUT   | (15) NBR_MSGTIME   |
|----+------------+------------------+----------------+-----------------+--------------------+-------------------+----------------------+------------------+-----------------+---------------------+-------------------+-----------------------+---------------------+-------------------------+--------------------+--------------------|
|  0 | Ethernet64 | Y                | N              | N               | DOWN               | PROBE             | SHUT                 | START            |                 |                     |                   |                       |                     |                         |                    |                    |
+----+------------+------------------+----------------+-----------------+--------------------+-------------------+----------------------+------------------+-----------------+---------------------+-------------------+-----------------------+---------------------+-------------------------+--------------------+--------------------+
2019-12-24 10:55:03,173 - utils - INFO - Test D2-2 PASSED
2019-12-24 10:55:03,173 - utils - INFO - D2-3 : executing : sudo show interface status Ethernet64
2019-12-24 10:55:04,294 - utils - DEBUG - Cmd : show interface status Ethernet64 => Template : show_interface_status.tmpl
2019-12-24 10:55:04,305 - utils - INFO - 
+----+-----------------+-----------------+-------------+-----------+---------------+----------------+------------+-------------+-----------------+---------------+
|    | (0) Interface   | (1) Lanes       | (2) Speed   |   (3) MTU | (4) Alias     | (5) Vlan       | (6) Oper   | (7) Admin   | (8) Type        | (9) AsymPFC   |
|----+-----------------+-----------------+-------------+-----------+---------------+----------------+------------+-------------+-----------------+---------------|
|  0 | Ethernet64      | 105,106,107,108 | 100G        |      9100 | hundredGigE53 | PortChannel500 | down       | down        | QSFP28 or later | N/A           |
+----+-----------------+-----------------+-------------+-----------+---------------+----------------+------------+-------------+-----------------+---------------+
2019-12-24 10:55:04,306 - utils - INFO - Test D2-3 PASSED
2019-12-24 10:55:04,306 - utils - INFO - D1-5 : executing : sudo show interface status Ethernet64
2019-12-24 10:55:05,412 - utils - DEBUG - Cmd : show interface status Ethernet64 => Template : show_interface_status.tmpl
2019-12-24 10:55:05,414 - utils - INFO - 
+----+-----------------+-----------------+-------------+-----------+---------------+----------------+------------+-------------+------------+---------------+
|    | (0) Interface   | (1) Lanes       | (2) Speed   |   (3) MTU | (4) Alias     | (5) Vlan       | (6) Oper   | (7) Admin   | (8) Type   | (9) AsymPFC   |
|----+-----------------+-----------------+-------------+-----------+---------------+----------------+------------+-------------+------------+---------------|
|  0 | Ethernet64      | 105,106,107,108 | 100G        |      9100 | hundredGigE53 | PortChannel500 | down       | up          | N/A        | N/A           |
+----+-----------------+-----------------+-------------+-----------+---------------+----------------+------------+-------------+------------+---------------+
2019-12-24 10:55:05,414 - utils - INFO - Test D1-5 PASSED
2019-12-24 10:55:05,414 - utils - INFO - D1-6 : executing : sudo udldctl rx_drop disable Ethernet64
2019-12-24 10:55:06,415 - utils - DEBUG - Template not found for cmd : udldctl rx_drop disable Ethernet64
2019-12-24 10:55:06,418 - utils - DEBUG - 
  sudo udldctl rx_drop disable Ethernet64
cmd: 14Disable rx PDU drop on Ethernet64
admin@Leaf1:~$
2019-12-24 10:55:06,418 - utils - INFO - Test D1-6 PASSED
2019-12-24 10:55:06,418 - utils - INFO - D1-7 : executing : sudo sleep 3
2019-12-24 10:55:06,419 - utils - INFO - Sleep 3
2019-12-24 10:55:09,422 - utils - INFO - D2-4 : executing : sudo config interface startup Ethernet64
2019-12-24 10:55:10,427 - utils - INFO - D2-5 : executing : sudo show interface status Ethernet64
2019-12-24 10:55:11,571 - utils - DEBUG - Cmd : show interface status Ethernet64 => Template : show_interface_status.tmpl
2019-12-24 10:55:11,574 - utils - INFO - 
+----+-----------------+-----------------+-------------+-----------+---------------+----------------+------------+-------------+-----------------+---------------+
|    | (0) Interface   | (1) Lanes       | (2) Speed   |   (3) MTU | (4) Alias     | (5) Vlan       | (6) Oper   | (7) Admin   | (8) Type        | (9) AsymPFC   |
|----+-----------------+-----------------+-------------+-----------+---------------+----------------+------------+-------------+-----------------+---------------|
|  0 | Ethernet64      | 105,106,107,108 | 100G        |      9100 | hundredGigE53 | PortChannel500 | up         | up          | QSFP28 or later | N/A           |
+----+-----------------+-----------------+-------------+-----------+---------------+----------------+------------+-------------+-----------------+---------------+
2019-12-24 10:55:11,574 - utils - INFO - Test D2-5 PASSED
2019-12-24 10:55:11,574 - utils - INFO - D1-8 : executing : sudo show interface status
2019-12-24 10:55:14,081 - utils - DEBUG - Cmd : show interface status => Template : show_interface_status.tmpl
2019-12-24 10:55:14,105 - utils - INFO - 
+----+-----------------+-----------------+-------------+-----------+------------------+----------------+------------+-------------+-----------------+---------------+
|    | (0) Interface   | (1) Lanes       | (2) Speed   |   (3) MTU | (4) Alias        | (5) Vlan       | (6) Oper   | (7) Admin   | (8) Type        | (9) AsymPFC   |
|----+-----------------+-----------------+-------------+-----------+------------------+----------------+------------+-------------+-----------------+---------------|
|  0 | Ethernet0       | 3               | 25G         |      9100 | twentyFiveGigE1  | routed         | down       | down        | N/A             | N/A           |
|  1 | Ethernet1       | 2               | 25G         |      9100 | twentyFiveGigE2  | routed         | down       | down        | N/A             | N/A           |
|  2 | Ethernet2       | 4               | 25G         |      9100 | twentyFiveGigE3  | routed         | down       | down        | N/A             | N/A           |
|  3 | Ethernet3       | 8               | 25G         |      9100 | twentyFiveGigE4  | routed         | down       | down        | N/A             | N/A           |
|  4 | Ethernet4       | 7               | 25G         |      9100 | twentyFiveGigE5  | routed         | down       | down        | N/A             | N/A           |
|  5 | Ethernet5       | 1               | 25G         |      9100 | twentyFiveGigE6  | routed         | down       | down        | N/A             | N/A           |
|  6 | Ethernet6       | 5               | 25G         |      9100 | twentyFiveGigE7  | routed         | down       | down        | N/A             | N/A           |
|  7 | Ethernet7       | 16              | 25G         |      9100 | twentyFiveGigE8  | routed         | down       | down        | N/A             | N/A           |
|  8 | Ethernet8       | 6               | 25G         |      9100 | twentyFiveGigE9  | routed         | down       | down        | N/A             | N/A           |
|  9 | Ethernet9       | 14              | 25G         |      9100 | twentyFiveGigE10 | routed         | down       | down        | N/A             | N/A           |
| 10 | Ethernet10      | 13              | 25G         |      9100 | twentyFiveGigE11 | routed         | down       | down        | N/A             | N/A           |
| 11 | Ethernet11      | 15              | 25G         |      9100 | twentyFiveGigE12 | routed         | down       | down        | N/A             | N/A           |
| 12 | Ethernet12      | 23              | 25G         |      9100 | twentyFiveGigE13 | routed         | down       | down        | N/A             | N/A           |
| 13 | Ethernet13      | 22              | 25G         |      9100 | twentyFiveGigE14 | routed         | down       | down        | N/A             | N/A           |
| 14 | Ethernet14      | 24              | 25G         |      9100 | twentyFiveGigE15 | routed         | down       | down        | N/A             | N/A           |
| 15 | Ethernet15      | 32              | 25G         |      9100 | twentyFiveGigE16 | routed         | down       | down        | N/A             | N/A           |
| 16 | Ethernet16      | 31              | 25G         |      9100 | twentyFiveGigE17 | routed         | down       | down        | N/A             | N/A           |
| 17 | Ethernet17      | 21              | 25G         |      9100 | twentyFiveGigE18 | routed         | down       | down        | N/A             | N/A           |
| 18 | Ethernet18      | 29              | 25G         |      9100 | twentyFiveGigE19 | routed         | down       | down        | N/A             | N/A           |
| 19 | Ethernet19      | 36              | 25G         |      9100 | twentyFiveGigE20 | routed         | down       | down        | N/A             | N/A           |
| 20 | Ethernet20      | 30              | 25G         |      9100 | twentyFiveGigE21 | routed         | down       | down        | N/A             | N/A           |
| 21 | Ethernet21      | 34              | 25G         |      9100 | twentyFiveGigE22 | routed         | down       | down        | N/A             | N/A           |
| 22 | Ethernet22      | 33              | 25G         |      9100 | twentyFiveGigE23 | routed         | down       | down        | N/A             | N/A           |
| 23 | Ethernet23      | 35              | 25G         |      9100 | twentyFiveGigE24 | routed         | down       | down        | N/A             | N/A           |
| 24 | Ethernet24      | 43              | 25G         |      9100 | twentyFiveGigE25 | routed         | down       | down        | N/A             | N/A           |
| 25 | Ethernet25      | 42              | 25G         |      9100 | twentyFiveGigE26 | routed         | down       | down        | N/A             | N/A           |
| 26 | Ethernet26      | 44              | 25G         |      9100 | twentyFiveGigE27 | routed         | down       | down        | N/A             | N/A           |
| 27 | Ethernet27      | 52              | 25G         |      9100 | twentyFiveGigE28 | routed         | down       | down        | N/A             | N/A           |
| 28 | Ethernet28      | 51              | 25G         |      9100 | twentyFiveGigE29 | routed         | down       | down        | N/A             | N/A           |
| 29 | Ethernet29      | 41              | 25G         |      9100 | twentyFiveGigE30 | routed         | down       | down        | N/A             | N/A           |
| 30 | Ethernet30      | 49              | 25G         |      9100 | twentyFiveGigE31 | routed         | down       | down        | N/A             | N/A           |
| 31 | Ethernet31      | 60              | 25G         |      9100 | twentyFiveGigE32 | routed         | down       | down        | N/A             | N/A           |
| 32 | Ethernet32      | 50              | 25G         |      9100 | twentyFiveGigE33 | routed         | down       | down        | N/A             | N/A           |
| 33 | Ethernet33      | 58              | 25G         |      9100 | twentyFiveGigE34 | routed         | down       | down        | N/A             | N/A           |
| 34 | Ethernet34      | 57              | 25G         |      9100 | twentyFiveGigE35 | routed         | down       | down        | N/A             | N/A           |
| 35 | Ethernet35      | 59              | 25G         |      9100 | twentyFiveGigE36 | routed         | down       | down        | N/A             | N/A           |
| 36 | Ethernet36      | 62              | 10G         |      9100 | twentyFiveGigE37 | routed         | down       | down        | N/A             | N/A           |
| 37 | Ethernet37      | 63              | 10G         |      9100 | twentyFiveGigE38 | routed         | down       | down        | N/A             | N/A           |
| 38 | Ethernet38      | 64              | 10G         |      9100 | twentyFiveGigE39 | routed         | down       | down        | N/A             | N/A           |
| 39 | Ethernet39      | 65              | 10G         |      9100 | twentyFiveGigE40 | routed         | down       | down        | N/A             | N/A           |
| 40 | Ethernet40      | 66              | 10G         |      9100 | twentyFiveGigE41 | routed         | down       | down        | N/A             | N/A           |
| 41 | Ethernet41      | 61              | 10G         |      9100 | twentyFiveGigE42 | routed         | down       | down        | N/A             | N/A           |
| 42 | Ethernet42      | 68              | 10G         |      9100 | twentyFiveGigE43 | routed         | down       | down        | N/A             | N/A           |
| 43 | Ethernet43      | 69              | 10G         |      9100 | twentyFiveGigE44 | routed         | down       | down        | N/A             | N/A           |
| 44 | Ethernet44      | 67              | 10G         |      9100 | twentyFiveGigE45 | routed         | down       | down        | N/A             | N/A           |
| 45 | Ethernet45      | 71              | 10G         |      9100 | twentyFiveGigE46 | routed         | down       | down        | N/A             | N/A           |
| 46 | Ethernet46      | 72              | 10G         |      9100 | twentyFiveGigE47 | trunk          | up         | up          | SFP/SFP+/SFP28  | N/A           |
| 47 | Ethernet47      | 70              | 10G         |      9100 | twentyFiveGigE48 | routed         | down       | down        | SFP/SFP+/SFP28  | N/A           |
| 48 | Ethernet48      | 77,78,79,80     | 100G        |      9100 | hundredGigE49    | routed         | down       | down        | QSFP28 or later | N/A           |
| 49 | Ethernet52      | 85,86,87,88     | 100G        |      9100 | hundredGigE50    | routed         | down       | up          | QSFP28 or later | N/A           |
| 50 | Ethernet56      | 93,94,95,96     | 100G        |      9100 | hundredGigE51    | routed         | up         | up          | QSFP28 or later | N/A           |
| 51 | Ethernet60      | 97,98,99,100    | 100G        |      9100 | hundredGigE52    | routed         | down       | down        | QSFP28 or later | N/A           |
| 52 | Ethernet64      | 105,106,107,108 | 100G        |      9100 | hundredGigE53    | PortChannel500 | up         | up          | N/A             | N/A           |
| 53 | Ethernet68      | 113             | 10G         |      9100 | tenGigE54:1      | PortChannel20  | up         | up          | N/A             | N/A           |
| 54 | Ethernet69      | 114             | 10G         |      9100 | tenGigE54:2      | PortChannel20  | up         | up          | N/A             | N/A           |
| 55 | Ethernet70      | 115             | 10G         |      9100 | tenGigE54:3      | routed         | down       | down        | N/A             | N/A           |
| 56 | Ethernet71      | 116             | 10G         |      9100 | tenGigE54:4      | routed         | down       | down        | N/A             | N/A           |
| 57 | Ethernet72      | 121             | 10G         |      9100 | tenGigE55:1      | PortChannel10  | up         | up          | N/A             | N/A           |
| 58 | Ethernet73      | 122             | 10G         |      9100 | tenGigE55:2      | PortChannel10  | up         | up          | N/A             | N/A           |
| 59 | Ethernet74      | 123             | 10G         |      9100 | tenGigE55:3      | routed         | down       | down        | N/A             | N/A           |
| 60 | Ethernet75      | 124             | 10G         |      9100 | tenGigE55:4      | routed         | down       | down        | N/A             | N/A           |
| 61 | Ethernet76      | 125,126,127,128 | 100G        |      9100 | hundredGigE56    | routed         | down       | down        | N/A             | N/A           |
| 62 | Ethernet80      | 129             | 10G         |      9100 | mgmtTenGigE57    | routed         | down       | down        | N/A             | N/A           |
| 63 | Ethernet81      | 128             | 10G         |      9100 | mgmtTenGigE58    | routed         | down       | down        | N/A             | N/A           |
| 64 | PortChannel10   | N/A             | 20G         |      9100 | N/A              | trunk          | down       | up          | N/A             | N/A           |
| 65 | PortChannel20   | N/A             | 20G         |      9100 | N/A              | trunk          | down       | up          | N/A             | N/A           |
| 66 | PortChannel500  | N/A             | 100G        |      9100 | N/A              | trunk          | down       | down        | N/A             | N/A           |
+----+-----------------+-----------------+-------------+-----------+------------------+----------------+------------+-------------+-----------------+---------------+
2019-12-24 10:55:14,106 - utils - INFO - Test D1-8 PASSED
2019-12-24 10:55:14,106 - utils - INFO - D1-9 : executing : sudo show interface status Ethernet64
2019-12-24 10:55:15,189 - utils - DEBUG - Cmd : show interface status Ethernet64 => Template : show_interface_status.tmpl
2019-12-24 10:55:15,191 - utils - INFO - 
+----+-----------------+-----------------+-------------+-----------+---------------+----------------+------------+-------------+------------+---------------+
|    | (0) Interface   | (1) Lanes       | (2) Speed   |   (3) MTU | (4) Alias     | (5) Vlan       | (6) Oper   | (7) Admin   | (8) Type   | (9) AsymPFC   |
|----+-----------------+-----------------+-------------+-----------+---------------+----------------+------------+-------------+------------+---------------|
|  0 | Ethernet64      | 105,106,107,108 | 100G        |      9100 | hundredGigE53 | PortChannel500 | up         | up          | N/A        | N/A           |
+----+-----------------+-----------------+-------------+-----------+---------------+----------------+------------+-------------+------------+---------------+
2019-12-24 10:55:15,191 - utils - INFO - Test D1-9 PASSED
